<?xml version="1.0" encoding="UTF-8"?>
<!-- Generated by org.testng.reporters.JUnitReportReporter -->
<testsuite hostname="LAPTOP-AHA78SJE" failures="0" tests="1" name="practiceForGithub.Demo1" time="0.009" errors="0" timestamp="2022-01-22T12:44:43 IST" skipped="0">
  <testcase classname="practiceForGithub.Demo1" name="democlass1" time="0.009"/>
  <system-out/>
</testsuite> <!-- practiceForGithub.Demo1 -->
