<?xml version="1.0" encoding="UTF-8"?>
<!-- Generated by org.testng.reporters.JUnitReportReporter -->
<testsuite hostname="LAPTOP-AHA78SJE" failures="0" tests="1" name="Demo1" time="0.008" errors="0" timestamp="2022-01-20T20:05:47 IST" skipped="0">
  <testcase classname="Demo1" name="democlass1" time="0.008"/>
  <system-out/>
</testsuite> <!-- Demo1 -->
