<?xml version="1.0" encoding="UTF-8"?>
<!-- Generated by org.testng.reporters.JUnitReportReporter -->
<testsuite hostname="LAPTOP-AHA78SJE" failures="0" tests="1" name="practiceForGithub.Demo2" time="0.008" errors="0" timestamp="2022-01-20T20:09:44 IST" skipped="0">
  <testcase classname="practiceForGithub.Demo2" name="democlass2" time="0.008"/>
  <system-out/>
</testsuite> <!-- practiceForGithub.Demo2 -->
